2026-03-31 13:46:08,423 [INFO] ============================================================
2026-03-31 13:46:08,423 [INFO]   SALES ANALYTICS ETL PIPELINE — START
2026-03-31 13:46:08,423 [INFO] ============================================================
2026-03-31 13:46:08,445 [INFO] --- PHASE 1: EXTRACT ---
2026-03-31 13:46:08,459 [INFO] [EXTRACT] sales.csv → 5000 rows
2026-03-31 13:46:08,486 [INFO] [EXTRACT] products.json → 50 rows
2026-03-31 13:46:08,491 [INFO] [EXTRACT] customers.xml → 200 rows
2026-03-31 13:46:08,492 [INFO] --- PHASE 2: LOAD RAW ---
2026-03-31 13:46:08,529 [INFO] [LOAD] raw.sales ← 5000 rows
2026-03-31 13:46:08,532 [INFO] [LOAD] raw.products ← 50 rows
2026-03-31 13:46:08,536 [INFO] [LOAD] raw.customers ← 200 rows
2026-03-31 13:46:08,536 [INFO] --- PHASE 3: TRANSFORM ---
2026-03-31 13:46:08,538 [INFO] [TRANSFORM] products → 50 rows
2026-03-31 13:46:08,540 [INFO] [TRANSFORM] customers → 200 rows
2026-03-31 13:46:08,557 [INFO] [DQ] Total=5000 | Passed=4850 | Failed=150
2026-03-31 13:46:08,557 [INFO]   └─ invalid_date: 51 rows
2026-03-31 13:46:08,557 [INFO]   └─ invalid_quantity: 49 rows
2026-03-31 13:46:08,557 [INFO]   └─ invalid_price: 50 rows
2026-03-31 13:46:08,557 [INFO]   └─ null_foreign_keys: 0 rows
2026-03-31 13:46:08,557 [INFO] [DQ] Pass rate: 97.0% | 150 rows quarantined
2026-03-31 13:46:08,569 [INFO] [TRANSFORM] sales → 4850 rows typed and cleaned
2026-03-31 13:46:08,590 [INFO] [TRANSFORM] dim_date → 1461 rows (2022–2025)
2026-03-31 13:46:08,591 [INFO] --- PHASE 4: LOAD STAGING ---
2026-03-31 13:46:08,594 [INFO] [LOAD] staging.stg_products ← 50 rows
2026-03-31 13:46:08,597 [INFO] [LOAD] staging.stg_customers ← 200 rows
2026-03-31 13:46:08,597 [ERROR] PIPELINE FAILED: 'DataFrame' object has no attribute '_append'
Traceback (most recent call last):
  File "/home/jamel/github.com/DATA_ANALYSTIC/sales_analytics/etl/pipeline.py", line 76, in run_pipeline
    combined = passed_sales._append(failed_sales, ignore_index=True)
               ^^^^^^^^^^^^^^^^^^^^
  File "/home/jamel/.local/lib/python3.12/site-packages/pandas/core/generic.py", line 6206, in __getattr__
    return object.__getattribute__(self, name)
           ^^^^^^^^^^^^^^^^^^^^^^^^^^^^^^^^^^^
AttributeError: 'DataFrame' object has no attribute '_append'
2026-03-31 13:46:29,456 [INFO] ============================================================
2026-03-31 13:46:29,457 [INFO]   SALES ANALYTICS ETL PIPELINE — START
2026-03-31 13:46:29,457 [INFO] ============================================================
2026-03-31 13:46:29,474 [INFO] --- PHASE 1: EXTRACT ---
2026-03-31 13:46:29,494 [INFO] [EXTRACT] sales.csv → 5000 rows
2026-03-31 13:46:29,498 [INFO] [EXTRACT] products.json → 50 rows
2026-03-31 13:46:29,503 [INFO] [EXTRACT] customers.xml → 200 rows
2026-03-31 13:46:29,504 [INFO] --- PHASE 2: LOAD RAW ---
2026-03-31 13:46:29,548 [INFO] [LOAD] raw.sales ← 5000 rows
2026-03-31 13:46:29,552 [INFO] [LOAD] raw.products ← 50 rows
2026-03-31 13:46:29,556 [INFO] [LOAD] raw.customers ← 200 rows
2026-03-31 13:46:29,556 [INFO] --- PHASE 3: TRANSFORM ---
2026-03-31 13:46:29,557 [INFO] [TRANSFORM] products → 50 rows
2026-03-31 13:46:29,559 [INFO] [TRANSFORM] customers → 200 rows
2026-03-31 13:46:29,582 [INFO] [DQ] Total=5000 | Passed=4850 | Failed=150
2026-03-31 13:46:29,583 [INFO]   └─ invalid_date: 51 rows
2026-03-31 13:46:29,583 [INFO]   └─ invalid_quantity: 49 rows
2026-03-31 13:46:29,583 [INFO]   └─ invalid_price: 50 rows
2026-03-31 13:46:29,583 [INFO]   └─ null_foreign_keys: 0 rows
2026-03-31 13:46:29,583 [INFO] [DQ] Pass rate: 97.0% | 150 rows quarantined
2026-03-31 13:46:29,607 [INFO] [TRANSFORM] sales → 4850 rows typed and cleaned
2026-03-31 13:46:29,631 [INFO] [TRANSFORM] dim_date → 1461 rows (2022–2025)
2026-03-31 13:46:29,631 [INFO] --- PHASE 4: LOAD STAGING ---
2026-03-31 13:46:29,635 [INFO] [LOAD] staging.stg_products ← 50 rows
2026-03-31 13:46:29,639 [INFO] [LOAD] staging.stg_customers ← 200 rows
2026-03-31 13:46:29,673 [ERROR] PIPELINE FAILED: null value in column "order_date" of relation "stg_sales" violates not-null constraint
DETAIL:  Failing row contains (ORD000028, null, CUS00030, PRD0009, 3, 382.52, 0.1000, North, Retail, f, [ERR] invalid order_date; , 2026-03-31 06:46:29.652291+00).
CONTEXT:  COPY stg_sales, line 4851: "ORD000028,\N,CUS00030,PRD0009,3,382.52,0.1,North,Retail,False,[ERR] invalid order_date; "
Traceback (most recent call last):
  File "/home/jamel/github.com/DATA_ANALYSTIC/sales_analytics/etl/pipeline.py", line 79, in run_pipeline
    load_staging_sales(combined, conn)
  File "/home/jamel/github.com/DATA_ANALYSTIC/sales_analytics/etl/load.py", line 71, in load_staging_sales
    bulk_copy(df[cols], "staging", "stg_sales", conn)
  File "/home/jamel/github.com/DATA_ANALYSTIC/sales_analytics/etl/load.py", line 36, in bulk_copy
    cur.copy_expert(
psycopg2.errors.NotNullViolation: null value in column "order_date" of relation "stg_sales" violates not-null constraint
DETAIL:  Failing row contains (ORD000028, null, CUS00030, PRD0009, 3, 382.52, 0.1000, North, Retail, f, [ERR] invalid order_date; , 2026-03-31 06:46:29.652291+00).
CONTEXT:  COPY stg_sales, line 4851: "ORD000028,\N,CUS00030,PRD0009,3,382.52,0.1,North,Retail,False,[ERR] invalid order_date; "

2026-03-31 13:46:59,601 [INFO] ============================================================
2026-03-31 13:46:59,601 [INFO]   SALES ANALYTICS ETL PIPELINE — START
2026-03-31 13:46:59,601 [INFO] ============================================================
2026-03-31 13:46:59,610 [INFO] --- PHASE 1: EXTRACT ---
2026-03-31 13:46:59,618 [INFO] [EXTRACT] sales.csv → 5000 rows
2026-03-31 13:46:59,621 [INFO] [EXTRACT] products.json → 50 rows
2026-03-31 13:46:59,623 [INFO] [EXTRACT] customers.xml → 200 rows
2026-03-31 13:46:59,623 [INFO] --- PHASE 2: LOAD RAW ---
2026-03-31 13:46:59,657 [INFO] [LOAD] raw.sales ← 5000 rows
2026-03-31 13:46:59,660 [INFO] [LOAD] raw.products ← 50 rows
2026-03-31 13:46:59,663 [INFO] [LOAD] raw.customers ← 200 rows
2026-03-31 13:46:59,664 [INFO] --- PHASE 3: TRANSFORM ---
2026-03-31 13:46:59,666 [INFO] [TRANSFORM] products → 50 rows
2026-03-31 13:46:59,668 [INFO] [TRANSFORM] customers → 200 rows
2026-03-31 13:46:59,684 [INFO] [DQ] Total=5000 | Passed=4850 | Failed=150
2026-03-31 13:46:59,684 [INFO]   └─ invalid_date: 51 rows
2026-03-31 13:46:59,684 [INFO]   └─ invalid_quantity: 49 rows
2026-03-31 13:46:59,684 [INFO]   └─ invalid_price: 50 rows
2026-03-31 13:46:59,684 [INFO]   └─ null_foreign_keys: 0 rows
2026-03-31 13:46:59,684 [INFO] [DQ] Pass rate: 97.0% | 150 rows quarantined
2026-03-31 13:46:59,695 [INFO] [TRANSFORM] sales → 4850 rows typed and cleaned
2026-03-31 13:46:59,716 [INFO] [TRANSFORM] dim_date → 1461 rows (2022–2025)
2026-03-31 13:46:59,716 [INFO] --- PHASE 4: LOAD STAGING ---
2026-03-31 13:46:59,719 [INFO] [LOAD] staging.stg_products ← 50 rows
2026-03-31 13:46:59,722 [INFO] [LOAD] staging.stg_customers ← 200 rows
2026-03-31 13:46:59,753 [ERROR] PIPELINE FAILED: new row for relation "stg_sales" violates check constraint "stg_sales_unit_price_check"
DETAIL:  Failing row contains (ORD000083, 2022-02-07, CUS00093, PRD0042, 33, -99.99, 0.1000, East, Retail, f, [ERR] unit_price < 0 or null; , 2026-03-31 06:46:59.736796+00).
CONTEXT:  COPY stg_sales, line 4853: "ORD000083,2022-02-07,CUS00093,PRD0042,33,-99.99,0.1,East,Retail,False,[ERR] unit_price < 0 or null; "
Traceback (most recent call last):
  File "/home/jamel/github.com/DATA_ANALYSTIC/sales_analytics/etl/pipeline.py", line 79, in run_pipeline
    load_staging_sales(combined, conn)
  File "/home/jamel/github.com/DATA_ANALYSTIC/sales_analytics/etl/load.py", line 71, in load_staging_sales
    bulk_copy(df[cols], "staging", "stg_sales", conn)
  File "/home/jamel/github.com/DATA_ANALYSTIC/sales_analytics/etl/load.py", line 36, in bulk_copy
    cur.copy_expert(
psycopg2.errors.CheckViolation: new row for relation "stg_sales" violates check constraint "stg_sales_unit_price_check"
DETAIL:  Failing row contains (ORD000083, 2022-02-07, CUS00093, PRD0042, 33, -99.99, 0.1000, East, Retail, f, [ERR] unit_price < 0 or null; , 2026-03-31 06:46:59.736796+00).
CONTEXT:  COPY stg_sales, line 4853: "ORD000083,2022-02-07,CUS00093,PRD0042,33,-99.99,0.1,East,Retail,False,[ERR] unit_price < 0 or null; "

2026-03-31 13:47:22,417 [INFO] ============================================================
2026-03-31 13:47:22,418 [INFO]   SALES ANALYTICS ETL PIPELINE — START
2026-03-31 13:47:22,418 [INFO] ============================================================
2026-03-31 13:47:22,426 [INFO] --- PHASE 1: EXTRACT ---
2026-03-31 13:47:22,435 [INFO] [EXTRACT] sales.csv → 5000 rows
2026-03-31 13:47:22,437 [INFO] [EXTRACT] products.json → 50 rows
2026-03-31 13:47:22,440 [INFO] [EXTRACT] customers.xml → 200 rows
2026-03-31 13:47:22,440 [INFO] --- PHASE 2: LOAD RAW ---
2026-03-31 13:47:22,473 [INFO] [LOAD] raw.sales ← 5000 rows
2026-03-31 13:47:22,476 [INFO] [LOAD] raw.products ← 50 rows
2026-03-31 13:47:22,480 [INFO] [LOAD] raw.customers ← 200 rows
2026-03-31 13:47:22,480 [INFO] --- PHASE 3: TRANSFORM ---
2026-03-31 13:47:22,481 [INFO] [TRANSFORM] products → 50 rows
2026-03-31 13:47:22,483 [INFO] [TRANSFORM] customers → 200 rows
2026-03-31 13:47:22,498 [INFO] [DQ] Total=5000 | Passed=4850 | Failed=150
2026-03-31 13:47:22,498 [INFO]   └─ invalid_date: 51 rows
2026-03-31 13:47:22,498 [INFO]   └─ invalid_quantity: 49 rows
2026-03-31 13:47:22,498 [INFO]   └─ invalid_price: 50 rows
2026-03-31 13:47:22,498 [INFO]   └─ null_foreign_keys: 0 rows
2026-03-31 13:47:22,498 [INFO] [DQ] Pass rate: 97.0% | 150 rows quarantined
2026-03-31 13:47:22,524 [INFO] [TRANSFORM] sales → 4850 rows typed and cleaned
2026-03-31 13:47:22,568 [INFO] [TRANSFORM] dim_date → 1461 rows (2022–2025)
2026-03-31 13:47:22,569 [INFO] --- PHASE 4: LOAD STAGING ---
2026-03-31 13:47:22,572 [INFO] [LOAD] staging.stg_products ← 50 rows
2026-03-31 13:47:22,575 [INFO] [LOAD] staging.stg_customers ← 200 rows
2026-03-31 13:47:22,621 [INFO] [LOAD] staging.stg_sales ← 5000 rows
2026-03-31 13:47:22,621 [INFO] --- PHASE 5: LOAD WAREHOUSE (Star Schema) ---
2026-03-31 13:47:22,640 [INFO] [LOAD] warehouse.dim_date ← 1461 rows
2026-03-31 13:47:22,643 [INFO] [LOAD] warehouse.dim_product ← 50 rows
2026-03-31 13:47:22,648 [INFO] [LOAD] warehouse.dim_customer ← 200 rows
2026-03-31 13:47:22,651 [INFO] [LOAD] warehouse.dim_region ← 5 rows
2026-03-31 13:47:23,390 [INFO] [LOAD] warehouse.fact_sales ← 19400 rows inserted
2026-03-31 13:47:23,390 [INFO] ============================================================
2026-03-31 13:47:23,391 [INFO]   PIPELINE COMPLETE in 0.97s
2026-03-31 13:47:23,391 [INFO]   fact_sales rows loaded: 19400
2026-03-31 13:47:23,391 [INFO]   DQ pass rate: 97.0%
2026-03-31 13:47:23,391 [INFO] ============================================================
